<?xml version="1.0" encoding="UTF-8"?>
<testng-results ignored="0" total="1" passed="1" failed="0" skipped="0">
  <reporter-output>
  </reporter-output>
  <suite started-at="2021-05-26T17:23:46 PDT" name="Surefire suite" finished-at="2021-05-26T17:23:57 PDT" duration-ms="10477">
    <groups>
    </groups>
    <test started-at="2021-05-26T17:23:46 PDT" name="Surefire test" finished-at="2021-05-26T17:23:57 PDT" duration-ms="10477">
      <class name="bns.Com.Bns_resgistrationTest">
        <test-method is-config="true" signature="openbrowser()[pri:0, instance:bns.Com.Bns_resgistrationTest@3bb9a3ff]" started-at="2021-05-26T17:23:46 PDT" name="openbrowser" finished-at="2021-05-26T17:23:49 PDT" duration-ms="2337" status="PASS">
          <reporter-output>
          </reporter-output>
        </test-method> <!-- openbrowser -->
        <test-method signature="RegistrationFrom()[pri:0, instance:bns.Com.Bns_resgistrationTest@3bb9a3ff]" started-at="2021-05-26T17:23:49 PDT" name="RegistrationFrom" finished-at="2021-05-26T17:23:53 PDT" duration-ms="3950" status="PASS">
          <reporter-output>
          </reporter-output>
        </test-method> <!-- RegistrationFrom -->
        <test-method is-config="true" signature="CloseBrowser()[pri:0, instance:bns.Com.Bns_resgistrationTest@3bb9a3ff]" started-at="2021-05-26T17:23:53 PDT" name="CloseBrowser" finished-at="2021-05-26T17:23:57 PDT" duration-ms="4159" status="PASS">
          <reporter-output>
          </reporter-output>
        </test-method> <!-- CloseBrowser -->
      </class> <!-- bns.Com.Bns_resgistrationTest -->
    </test> <!-- Surefire test -->
  </suite> <!-- Surefire suite -->
</testng-results>
