<?xml version="1.0" encoding="UTF-8"?>
<testng-results ignored="0" total="1" passed="1" failed="0" skipped="0">
  <reporter-output>
  </reporter-output>
  <suite started-at="2021-05-09T11:30:05 EDT" name="Default suite" finished-at="2021-05-09T11:30:23 EDT" duration-ms="17806">
    <groups>
    </groups>
    <test started-at="2021-05-09T11:30:05 EDT" name="Default test" finished-at="2021-05-09T11:30:23 EDT" duration-ms="17806">
      <class name="bns.Com.Bns_resgistration">
        <test-method is-config="true" signature="openbrowser()[pri:0, instance:bns.Com.Bns_resgistration@1613674b]" started-at="2021-05-09T11:30:05 EDT" name="openbrowser" finished-at="2021-05-09T11:30:10 EDT" duration-ms="4777" status="PASS">
          <reporter-output>
          </reporter-output>
        </test-method> <!-- openbrowser -->
        <test-method signature="TestRegistrationFrom()[pri:0, instance:bns.Com.Bns_resgistration@1613674b]" started-at="2021-05-09T11:30:10 EDT" name="TestRegistrationFrom" finished-at="2021-05-09T11:30:22 EDT" duration-ms="12410" status="PASS">
          <reporter-output>
          </reporter-output>
        </test-method> <!-- TestRegistrationFrom -->
        <test-method is-config="true" signature="CloseBrowser()[pri:0, instance:bns.Com.Bns_resgistration@1613674b]" started-at="2021-05-09T11:30:22 EDT" name="CloseBrowser" finished-at="2021-05-09T11:30:23 EDT" duration-ms="588" status="PASS">
          <reporter-output>
          </reporter-output>
        </test-method> <!-- CloseBrowser -->
      </class> <!-- bns.Com.Bns_resgistration -->
    </test> <!-- Default test -->
  </suite> <!-- Default suite -->
</testng-results>
